<?xml version="1.0" encoding="UTF-8"?>
<testsuite name="ru.fix.commons.profiler.impl.ProfilerReporterImplTest" tests="2" skipped="0" failures="0" errors="0" timestamp="2018-01-04T18:11:42" hostname="home-nb" time="0.001">
  <properties/>
  <testcase name="callStopWithoutParams" classname="ru.fix.commons.profiler.impl.ProfilerReporterImplTest" time="0.001"/>
  <testcase name="callStopWithParams" classname="ru.fix.commons.profiler.impl.ProfilerReporterImplTest" time="0.0"/>
  <system-out><![CDATA[]]></system-out>
  <system-err><![CDATA[]]></system-err>
</testsuite>
